2023-03-10 15:11:57.401  INFO 5616 --- [restartedMain] c.i.e.ElektronskiDnevnikApplication      : Starting ElektronskiDnevnikApplication using Java 17.0.4.1 on LAPTOP-DPRI120D with PID 5616 (C:\Users\38160\Desktop\IT\Backend\elektronskiDnevnik\target\classes started by 38160 in C:\Users\38160\Desktop\IT\Backend\elektronskiDnevnik)
2023-03-10 15:11:57.405  INFO 5616 --- [restartedMain] c.i.e.ElektronskiDnevnikApplication      : No active profile set, falling back to 1 default profile: "default"
2023-03-10 15:11:57.545  INFO 5616 --- [restartedMain] .e.DevToolsPropertyDefaultsPostProcessor : Devtools property defaults active! Set 'spring.devtools.add-properties' to 'false' to disable
2023-03-10 15:11:57.548  INFO 5616 --- [restartedMain] .e.DevToolsPropertyDefaultsPostProcessor : For additional web related logging consider setting the 'logging.level.web' property to 'DEBUG'
2023-03-10 15:11:59.806  INFO 5616 --- [restartedMain] .s.d.r.c.RepositoryConfigurationDelegate : Bootstrapping Spring Data JPA repositories in DEFAULT mode.
2023-03-10 15:12:00.105  INFO 5616 --- [restartedMain] .s.d.r.c.RepositoryConfigurationDelegate : Finished Spring Data repository scanning in 276 ms. Found 11 JPA repository interfaces.
2023-03-10 15:12:02.036  INFO 5616 --- [restartedMain] o.s.b.w.embedded.tomcat.TomcatWebServer  : Tomcat initialized with port(s): 8090 (http)
2023-03-10 15:12:02.078  INFO 5616 --- [restartedMain] o.apache.catalina.core.StandardService   : Starting service [Tomcat]
2023-03-10 15:12:02.081  INFO 5616 --- [restartedMain] org.apache.catalina.core.StandardEngine  : Starting Servlet engine: [Apache Tomcat/9.0.71]
2023-03-10 15:12:02.344  INFO 5616 --- [restartedMain] o.a.c.c.C.[Tomcat].[localhost].[/]       : Initializing Spring embedded WebApplicationContext
2023-03-10 15:12:02.387  INFO 5616 --- [restartedMain] w.s.c.ServletWebServerApplicationContext : Root WebApplicationContext: initialization completed in 4838 ms
2023-03-10 15:12:03.645  INFO 5616 --- [restartedMain] com.zaxxer.hikari.HikariDataSource       : HikariPool-1 - Starting...
2023-03-10 15:12:04.641  INFO 5616 --- [restartedMain] com.zaxxer.hikari.HikariDataSource       : HikariPool-1 - Start completed.
2023-03-10 15:12:09.463  INFO 5616 --- [restartedMain] j.LocalContainerEntityManagerFactoryBean : Initialized JPA EntityManagerFactory for persistence unit 'default'
2023-03-10 15:12:09.562  WARN 5616 --- [restartedMain] JpaBaseConfiguration$JpaWebConfiguration : spring.jpa.open-in-view is enabled by default. Therefore, database queries may be performed during view rendering. Explicitly configure spring.jpa.open-in-view to disable this warning
2023-03-10 15:12:10.716  WARN 5616 --- [restartedMain] .s.s.UserDetailsServiceAutoConfiguration : 

Using generated security password: 40107bc4-d2e6-4a50-b0d6-27f74fec3a8a

This generated password is for development use only. Your security configuration must be updated before running your application in production.

2023-03-10 15:12:10.913  INFO 5616 --- [restartedMain] o.s.s.web.DefaultSecurityFilterChain     : Will secure any request with [org.springframework.security.web.session.DisableEncodeUrlFilter@3a52e5e4, org.springframework.security.web.context.request.async.WebAsyncManagerIntegrationFilter@1b36bbd0, org.springframework.security.web.context.SecurityContextPersistenceFilter@2fcc07a5, org.springframework.security.web.header.HeaderWriterFilter@53ad41d8, org.springframework.security.web.authentication.logout.LogoutFilter@7b1289c0, com.iktpreobuka.elektronskiDnevnik.config.JWTAuthorizationFilter@64598edf, org.springframework.security.web.savedrequest.RequestCacheAwareFilter@2031c537, org.springframework.security.web.servletapi.SecurityContextHolderAwareRequestFilter@37ae24b0, org.springframework.security.web.authentication.AnonymousAuthenticationFilter@5c54a61d, org.springframework.security.web.session.SessionManagementFilter@6b78f530, org.springframework.security.web.access.ExceptionTranslationFilter@6653813e, org.springframework.security.web.access.intercept.FilterSecurityInterceptor@2635acef]
2023-03-10 15:12:11.211 DEBUG 5616 --- [restartedMain] s.w.s.m.m.a.RequestMappingHandlerAdapter : ControllerAdvice beans: 0 @ModelAttribute, 0 @InitBinder, 1 RequestBodyAdvice, 1 ResponseBodyAdvice
2023-03-10 15:12:11.387 DEBUG 5616 --- [restartedMain] s.w.s.m.m.a.RequestMappingHandlerMapping : 35 mappings in 'requestMappingHandlerMapping'
2023-03-10 15:12:11.443 DEBUG 5616 --- [restartedMain] o.s.w.s.handler.SimpleUrlHandlerMapping  : Patterns [/webjars/**, /**] in 'resourceHandlerMapping'
2023-03-10 15:12:11.472 DEBUG 5616 --- [restartedMain] .m.m.a.ExceptionHandlerExceptionResolver : ControllerAdvice beans: 0 @ExceptionHandler, 1 ResponseBodyAdvice
2023-03-10 15:12:11.562  WARN 5616 --- [restartedMain] ion$DefaultTemplateResolverConfiguration : Cannot find template location: classpath:/templates/ (please add some templates, check your Thymeleaf configuration, or set spring.thymeleaf.check-template-location=false)
2023-03-10 15:12:11.807  INFO 5616 --- [restartedMain] o.s.b.d.a.OptionalLiveReloadServer       : LiveReload server is running on port 35729
2023-03-10 15:12:11.936  INFO 5616 --- [restartedMain] o.s.b.w.embedded.tomcat.TomcatWebServer  : Tomcat started on port(s): 8090 (http) with context path ''
2023-03-10 15:12:11.961  INFO 5616 --- [restartedMain] c.i.e.ElektronskiDnevnikApplication      : Started ElektronskiDnevnikApplication in 15.632 seconds (JVM running for 18.338)
2023-03-10 15:12:59.204  INFO 5616 --- [File Watcher] rtingClassPathChangeChangedEventListener : Restarting due to 1 class path change (0 additions, 0 deletions, 1 modification)
2023-03-10 15:12:59.360  INFO 5616 --- [Thread-5] o.apache.catalina.core.StandardService   : Stopping service [Tomcat]
2023-03-10 15:12:59.532  INFO 5616 --- [Thread-5] j.LocalContainerEntityManagerFactoryBean : Closing JPA EntityManagerFactory for persistence unit 'default'
2023-03-10 15:12:59.545  INFO 5616 --- [Thread-5] com.zaxxer.hikari.HikariDataSource       : HikariPool-1 - Shutdown initiated...
2023-03-10 15:12:59.592  INFO 5616 --- [Thread-5] com.zaxxer.hikari.HikariDataSource       : HikariPool-1 - Shutdown completed.
2023-03-10 15:12:59.918  INFO 5616 --- [restartedMain] c.i.e.ElektronskiDnevnikApplication      : Starting ElektronskiDnevnikApplication using Java 17.0.4.1 on LAPTOP-DPRI120D with PID 5616 (C:\Users\38160\Desktop\IT\Backend\elektronskiDnevnik\target\classes started by 38160 in C:\Users\38160\Desktop\IT\Backend\elektronskiDnevnik)
2023-03-10 15:12:59.919  INFO 5616 --- [restartedMain] c.i.e.ElektronskiDnevnikApplication      : No active profile set, falling back to 1 default profile: "default"
2023-03-10 15:13:01.622  INFO 5616 --- [restartedMain] .s.d.r.c.RepositoryConfigurationDelegate : Bootstrapping Spring Data JPA repositories in DEFAULT mode.
2023-03-10 15:13:01.734  INFO 5616 --- [restartedMain] .s.d.r.c.RepositoryConfigurationDelegate : Finished Spring Data repository scanning in 110 ms. Found 11 JPA repository interfaces.
2023-03-10 15:13:02.072  INFO 5616 --- [restartedMain] o.s.b.w.embedded.tomcat.TomcatWebServer  : Tomcat initialized with port(s): 8090 (http)
2023-03-10 15:13:02.109  INFO 5616 --- [restartedMain] o.apache.catalina.core.StandardService   : Starting service [Tomcat]
2023-03-10 15:13:02.150  INFO 5616 --- [restartedMain] org.apache.catalina.core.StandardEngine  : Starting Servlet engine: [Apache Tomcat/9.0.71]
2023-03-10 15:13:02.230  INFO 5616 --- [restartedMain] o.a.c.c.C.[Tomcat].[localhost].[/]       : Initializing Spring embedded WebApplicationContext
2023-03-10 15:13:02.231  INFO 5616 --- [restartedMain] w.s.c.ServletWebServerApplicationContext : Root WebApplicationContext: initialization completed in 2306 ms
2023-03-10 15:13:02.340  INFO 5616 --- [restartedMain] com.zaxxer.hikari.HikariDataSource       : HikariPool-2 - Starting...
2023-03-10 15:13:02.373  INFO 5616 --- [restartedMain] com.zaxxer.hikari.HikariDataSource       : HikariPool-2 - Start completed.
2023-03-10 15:13:07.861  INFO 5616 --- [restartedMain] j.LocalContainerEntityManagerFactoryBean : Initialized JPA EntityManagerFactory for persistence unit 'default'
2023-03-10 15:13:07.906  WARN 5616 --- [restartedMain] JpaBaseConfiguration$JpaWebConfiguration : spring.jpa.open-in-view is enabled by default. Therefore, database queries may be performed during view rendering. Explicitly configure spring.jpa.open-in-view to disable this warning
2023-03-10 15:13:08.481  WARN 5616 --- [restartedMain] .s.s.UserDetailsServiceAutoConfiguration : 

Using generated security password: 0143ede6-23da-4179-a311-99ba53284d99

This generated password is for development use only. Your security configuration must be updated before running your application in production.

2023-03-10 15:13:08.538  INFO 5616 --- [restartedMain] o.s.s.web.DefaultSecurityFilterChain     : Will secure any request with [org.springframework.security.web.session.DisableEncodeUrlFilter@7432c123, org.springframework.security.web.context.request.async.WebAsyncManagerIntegrationFilter@6e67bf7b, org.springframework.security.web.context.SecurityContextPersistenceFilter@e54bd8a, org.springframework.security.web.header.HeaderWriterFilter@1ee9f6c1, org.springframework.security.web.authentication.logout.LogoutFilter@6bd1d848, com.iktpreobuka.elektronskiDnevnik.config.JWTAuthorizationFilter@2550992f, org.springframework.security.web.savedrequest.RequestCacheAwareFilter@3d43ffcd, org.springframework.security.web.servletapi.SecurityContextHolderAwareRequestFilter@6ccd595a, org.springframework.security.web.authentication.AnonymousAuthenticationFilter@c263837, org.springframework.security.web.session.SessionManagementFilter@12b7c296, org.springframework.security.web.access.ExceptionTranslationFilter@17c8cec0, org.springframework.security.web.access.intercept.FilterSecurityInterceptor@400d2a58]
2023-03-10 15:13:08.680 DEBUG 5616 --- [restartedMain] s.w.s.m.m.a.RequestMappingHandlerAdapter : ControllerAdvice beans: 0 @ModelAttribute, 0 @InitBinder, 1 RequestBodyAdvice, 1 ResponseBodyAdvice
2023-03-10 15:13:08.756 DEBUG 5616 --- [restartedMain] s.w.s.m.m.a.RequestMappingHandlerMapping : 35 mappings in 'requestMappingHandlerMapping'
2023-03-10 15:13:08.798 DEBUG 5616 --- [restartedMain] o.s.w.s.handler.SimpleUrlHandlerMapping  : Patterns [/webjars/**, /**] in 'resourceHandlerMapping'
2023-03-10 15:13:08.830 DEBUG 5616 --- [restartedMain] .m.m.a.ExceptionHandlerExceptionResolver : ControllerAdvice beans: 0 @ExceptionHandler, 1 ResponseBodyAdvice
2023-03-10 15:13:08.864  WARN 5616 --- [restartedMain] ion$DefaultTemplateResolverConfiguration : Cannot find template location: classpath:/templates/ (please add some templates, check your Thymeleaf configuration, or set spring.thymeleaf.check-template-location=false)
2023-03-10 15:13:09.051  INFO 5616 --- [restartedMain] o.s.b.d.a.OptionalLiveReloadServer       : LiveReload server is running on port 35729
2023-03-10 15:13:09.122  INFO 5616 --- [restartedMain] o.s.b.w.embedded.tomcat.TomcatWebServer  : Tomcat started on port(s): 8090 (http) with context path ''
2023-03-10 15:13:09.142  INFO 5616 --- [restartedMain] c.i.e.ElektronskiDnevnikApplication      : Started ElektronskiDnevnikApplication in 9.326 seconds (JVM running for 75.52)
2023-03-10 15:13:09.145  INFO 5616 --- [restartedMain] .ConditionEvaluationDeltaLoggingListener : Condition evaluation unchanged
